Warning[215] C:\PIC_PROGS\MICROCONTROLADORES\MATRIZANIMACION\ANIMACION.ASM 1 : Processor superseded by command line.  Verify processor symbol.
Warning[207] C:\PIC_PROGS\MICROCONTROLADORES\MATRIZANIMACION\ANIMACION.ASM 10 : Found label after column 1. (VA)
Warning[207] C:\PIC_PROGS\MICROCONTROLADORES\MATRIZANIMACION\ANIMACION.ASM 11 : Found label after column 1. (VB)
Warning[207] C:\PIC_PROGS\MICROCONTROLADORES\MATRIZANIMACION\ANIMACION.ASM 12 : Found label after column 1. (VC)
Warning[207] C:\PIC_PROGS\MICROCONTROLADORES\MATRIZANIMACION\ANIMACION.ASM 13 : Found label after column 1. (VX)
Warning[207] C:\PIC_PROGS\MICROCONTROLADORES\MATRIZANIMACION\ANIMACION.ASM 14 : Found label after column 1. (CONTA)
Warning[207] C:\PIC_PROGS\MICROCONTROLADORES\MATRIZANIMACION\ANIMACION.ASM 15 : Found label after column 1. (C8)
Warning[207] C:\PIC_PROGS\MICROCONTROLADORES\MATRIZANIMACION\ANIMACION.ASM 16 : Found label after column 1. (C7)
Warning[207] C:\PIC_PROGS\MICROCONTROLADORES\MATRIZANIMACION\ANIMACION.ASM 17 : Found label after column 1. (C6)
Warning[207] C:\PIC_PROGS\MICROCONTROLADORES\MATRIZANIMACION\ANIMACION.ASM 18 : Found label after column 1. (C5)
Warning[207] C:\PIC_PROGS\MICROCONTROLADORES\MATRIZANIMACION\ANIMACION.ASM 19 : Found label after column 1. (C4)
Warning[207] C:\PIC_PROGS\MICROCONTROLADORES\MATRIZANIMACION\ANIMACION.ASM 20 : Found label after column 1. (C3)
Warning[207] C:\PIC_PROGS\MICROCONTROLADORES\MATRIZANIMACION\ANIMACION.ASM 21 : Found label after column 1. (C2)
Warning[207] C:\PIC_PROGS\MICROCONTROLADORES\MATRIZANIMACION\ANIMACION.ASM 22 : Found label after column 1. (C1)
Warning[207] C:\PIC_PROGS\MICROCONTROLADORES\MATRIZANIMACION\ANIMACION.ASM 23 : Found label after column 1. (VER)
Message[302] C:\PIC_PROGS\MICROCONTROLADORES\MATRIZANIMACION\ANIMACION.ASM 31 : Register in operand not in bank 0.  Ensure that bank bits are correct.
Message[302] C:\PIC_PROGS\MICROCONTROLADORES\MATRIZANIMACION\ANIMACION.ASM 32 : Register in operand not in bank 0.  Ensure that bank bits are correct.
Message[302] C:\PIC_PROGS\MICROCONTROLADORES\MATRIZANIMACION\ANIMACION.ASM 36 : Register in operand not in bank 0.  Ensure that bank bits are correct.
Message[302] C:\PIC_PROGS\MICROCONTROLADORES\MATRIZANIMACION\ANIMACION.ASM 37 : Register in operand not in bank 0.  Ensure that bank bits are correct.
Message[302] C:\PIC_PROGS\MICROCONTROLADORES\MATRIZANIMACION\ANIMACION.ASM 38 : Register in operand not in bank 0.  Ensure that bank bits are correct.
Message[302] C:\PIC_PROGS\MICROCONTROLADORES\MATRIZANIMACION\ANIMACION.ASM 41 : Register in operand not in bank 0.  Ensure that bank bits are correct.
Message[302] C:\PIC_PROGS\MICROCONTROLADORES\MATRIZANIMACION\ANIMACION.ASM 42 : Register in operand not in bank 0.  Ensure that bank bits are correct.
Warning[207] C:\PIC_PROGS\MICROCONTROLADORES\MATRIZANIMACION\ANIMACION.ASM 243 : Found label after column 1. (RETARDO)
Warning[207] C:\PIC_PROGS\MICROCONTROLADORES\MATRIZANIMACION\ANIMACION.ASM 246 : Found label after column 1. (C_C)
Warning[207] C:\PIC_PROGS\MICROCONTROLADORES\MATRIZANIMACION\ANIMACION.ASM 248 : Found label after column 1. (C_B)
Warning[207] C:\PIC_PROGS\MICROCONTROLADORES\MATRIZANIMACION\ANIMACION.ASM 250 : Found label after column 1. (C_A)
