MPASM  5.51                     SPIPRUEBA.ASM   5-2-2019  16:34:21         PAGE  1


LOC  OBJECT CODE     LINE SOURCE TEXT
  VALUE

                      00001                 PROCESSOR       PIC16F887
                      00002                 INCLUDE         <P16F887.INC>
                      00001         LIST
                      00002 
                      00003 ;==========================================================================
                      00004 ;  MPASM PIC16F887 processor include
                      00005 ; 
                      00006 ;  (c) Copyright 1999-2013 Microchip Technology, All rights reserved
                      00007 ;==========================================================================
                      00008 
                      00809         LIST
                      00003                 
2007   20D4           00004                 __CONFIG _CONFIG1, (_INTRC_OSC_NOCLKOUT & _WDT_OFF & _PWRTE_OFF & _MCLRE_OFF & _CP_OFF &
                             _CPD_OFF & _BOR_OFF & _IESO_OFF & _FCMEN_OFF & _LVP_OFF & _DEBUG_OFF)
2008   3FFF           00005                 __CONFIG _CONFIG2, (_WRT_OFF & _BOR40V)
                      00006                 
                      00007 ;----- VARIABLES A UTILIZAR. 
  00000021            00008 DOUT    EQU             0x21
  00000022            00009 DIN             EQU             0x22
  00000023            00010 DUTYON  EQU             0x23
  00000024            00011 DUTYOFF EQU             0x24
  00000025            00012 LSB             EQU             0x25
                      00013 ;-----COMIENZO DE PROGRAMA.
0000                  00014                 ORG             0x00
                      00015                 
                      00016 ;-----DESHABILITAR ENTRADAS ANALOGICAS. 
                      00017         ;------BANCO 3
0000   1683 1703      00018                 BANKSEL         ANSEL
0002   3020           00019                 MOVLW           0x20                    ;Activando AN5
Message[302]: Register in operand not in bank 0.  Ensure that bank bits are correct.
0003   0088           00020                 MOVWF           ANSEL
Message[302]: Register in operand not in bank 0.  Ensure that bank bits are correct.
0004   0189           00021                 CLRF            ANSELH
                      00022 
                      00023 ;-----REGISTROS DE CONFIGURACION
                      00024         ;------BANCO 1
0005   1683 1303      00025                 BANKSEL         TRISA
Message[302]: Register in operand not in bank 0.  Ensure that bank bits are correct.
0007   0185           00026                 CLRF            TRISA                   ;SS=0
Message[302]: Register in operand not in bank 0.  Ensure that bank bits are correct.
0008   0186           00027                 CLRF            TRISB
0009   3010           00028                 MOVLW           b'00010000'
Message[302]: Register in operand not in bank 0.  Ensure that bank bits are correct.
000A   0087           00029                 MOVWF           TRISC                   ;RC2 como salida CCP1
                      00030                                                                         ;RC3 como salida SCK
                      00031                                                                         ;RC4 como entada de datos SPI SD
                            I
                      00032                                                                         ;RC5 como salida de datos SPI SD
                            O
000B   30FF           00033                 MOVLW           0xFF                    
Message[302]: Register in operand not in bank 0.  Ensure that bank bits are correct.
000C   0088           00034                 MOVWF           TRISD                   ;Puerto D como entrada digital.
000D   3001           00035                 MOVLW           0x01                    
MPASM  5.51                     SPIPRUEBA.ASM   5-2-2019  16:34:21         PAGE  2


LOC  OBJECT CODE     LINE SOURCE TEXT
  VALUE

Message[302]: Register in operand not in bank 0.  Ensure that bank bits are correct.
000E   0089           00036                 MOVWF           TRISE                   ;RE0 como entrada analogica.
                      00037                 ;----CONFIGURANDO SSPCON2
000F   3000           00038                 MOVLW           0x00
Message[302]: Register in operand not in bank 0.  Ensure that bank bits are correct.
0010   0091           00039                 MOVWF           SSPCON2                 ;I2C apagado.
                      00040                 ;----CONFIGURANDO SSPSTAT
0011   3000           00041                 MOVLW           0x00            
Message[302]: Register in operand not in bank 0.  Ensure that bank bits are correct.
0012   0094           00042                 MOVWF           SSPSTAT                 
                      00043                 ;----CONFIGURANDO TRM0 COMO CONTADOR 
0013   30D7           00044                 MOVLW           0xD7                            ;Prescaler 256 TMR0
Message[302]: Register in operand not in bank 0.  Ensure that bank bits are correct.
0014   0081           00045                 MOVWF           OPTION_REG
                      00046                 ;----CONFIGURANDO REGISTRO ADCON1
0015   3000           00047                 MOVLW           0x00
Message[302]: Register in operand not in bank 0.  Ensure that bank bits are correct.
0016   009F           00048                 MOVWF           ADCON1                          ;Justificacion izquierda
                      00049 
                      00050 ;-------LIMPIANDO LOS PUERTOS DE ENTRADA/SALIDA 
                      00051         ;------BANCO 0
0017   1283 1303      00052                 BANKSEL         PORTA
0019   0185           00053                 CLRF            PORTA
001A   0186           00054                 CLRF            PORTB
001B   0187           00055                 CLRF            PORTC
001C   0188           00056                 CLRF            PORTD
001D   0189           00057                 CLRF            PORTE
                      00058                 ;-----LIMPIAR BUFER SPI
001E   0193           00059                 CLRF            SSPBUF
                      00060                 ;-----HABILITAR INTERRUPCIONES
001F   168B           00061                 BSF                     INTCON,T0IE
                      00062                 ;-----CONFIGURANDO SSPCON
0020   3020           00063                 MOVLW           0x20            ;CKP=0
0021   0094           00064                 MOVWF           SSPCON
                      00065                 ;-----CONFIGURANDO ADCON0
0022   3015           00066                 MOVLW           0x15            ;Fosc/2 AN5 
0023   009F           00067                 MOVWF           ADCON0
0024   1685           00068                 BSF                     PORTA,RA5
                      00069                 
                      00070                 
                      00071 ;-------INICIO DE FUNCIONALIDAD
                      00072 
0025                  00073 MAIN            ;---Se envia PORTD y se recibe basura(No se muestra)
                      00074                                 
0025   1285           00075                         BCF                     PORTA,RA5                       
0026   0808           00076                         MOVF            PORTD,W                         ;BANCO 0
0027   0093           00077                         MOVWF           SSPBUF                          ;BANCO 0
0028   206F           00078                         CALL            R10MS
0029   1283 1303      00079                         BANKSEL         PORTA                           ;BANCO 0
002B   0813           00080                         MOVF            SSPBUF,W
002C   1685           00081                         BSF                     PORTA,RA5                       ;NO SE MUESTRA NADA
                      00082                         
                      00083                         
MPASM  5.51                     SPIPRUEBA.ASM   5-2-2019  16:34:21         PAGE  3


LOC  OBJECT CODE     LINE SOURCE TEXT
  VALUE

                      00084                         ;---Se envía 8Bits ADC y se recibe PORTD(Se muestra en PORTB)
002D   3015           00085                         MOVLW           b'00010101'
002E   009F           00086                         MOVWF           ADCON0                          ;BANCO 0
002F   0000           00087                         NOP
0030   149F           00088                         BSF                     ADCON0,GO
0031   189F           00089                         BTFSC           ADCON0,GO
0032   2831           00090                         GOTO            $-1
0033   1285           00091                         BCF                     PORTA,RA5
0034   081E           00092                         MOVF            ADRESH,W                        ;BANCO 0 ENVIO DE DATOS ANALOGIC
                            OS. 
0035   0093           00093                         MOVWF           SSPBUF
0036   206F           00094                         CALL            R10MS
0037   1283 1303      00095                         BANKSEL         PORTA
0039   0813           00096                         MOVF            SSPBUF,W
003A   0086           00097                         MOVWF           PORTB                           ;RECEPCION EN EL PUERTO B
003B   1685           00098                         BSF                     PORTA,RA5
                      00099 ;                       ;---Se envia 2bits ADC y se recibe 8bits ADC(Se muestra en PWM)
003C   1683 1303      00100                         BANKSEL         TRISA
Message[302]: Register in operand not in bank 0.  Ensure that bank bits are correct.
003E   081E           00101                         MOVF            ADRESL,W
003F   1283 1303      00102                         BANKSEL         PORTA
0041   00A5           00103                         MOVWF           LSB
0042   0CA5           00104                         RRF                     LSB,F
0043   0CA5           00105                         RRF                     LSB,F
0044   0C25           00106                         RRF                     LSB,W
0045   1285           00107                         BCF                     PORTA,RA5
0046   0093           00108                         MOVWF           SSPBUF
0047   206F           00109                         CALL            R10MS
0048   1283 1303      00110                         BANKSEL         PORTA
004A   0813           00111                         MOVF            SSPBUF,W
004B   0095           00112                         MOVWF           CCPR1L
004C   1685           00113                         BSF                     PORTA,RA5
                      00114                         
                      00115                         ;---Se envía basura y se recibe 2 bits ADC (Se muestra en PWM)
004D   1283 1303      00116                         BANKSEL         PORTA
004F   1285           00117                         BCF                     PORTA,RA5
0050   3010           00118                         MOVLW           0x10
0051   0093           00119                         MOVWF           SSPBUF
0052   206F           00120                         CALL            R10MS
0053   0813           00121                         MOVF            SSPBUF,W
0054   0097           00122                         MOVWF           CCP1CON
0055   1685           00123                         BSF                     PORTA,RA5
                      00124 
0056   206F           00125                         CALL            R10MS
                      00126                         
0057   3080           00127                         MOVLW   0x80                    ;10000000
0058   0095           00128                 MOVWF   CCPR1L
0059   009B           00129                 MOVWF   CCPR2L
                      00130                         
005A   300C           00131                 MOVLW   0x0C                    ;00001100 =>00SALIDA SIMPLE/00MODO PWM/1100 MODO PWM
005B   0097           00132                 MOVWF   CCP1CON                 ;SALIDA PWM MEJORADA
005C   009D           00133                 MOVWF   CCP2CON                 ;SALIDA PWM
005D   1412           00134                 BSF             T2CON,0
MPASM  5.51                     SPIPRUEBA.ASM   5-2-2019  16:34:21         PAGE  4


LOC  OBJECT CODE     LINE SOURCE TEXT
  VALUE

005E   1492           00135                 BSF             T2CON,1
005F   1512           00136                 BSF             T2CON,TMR2ON
                      00137                         
0060   2825           00138                 GOTO            MAIN                    ;REGRESO A TRANSFERENCIA
                      00139 
0061   1285           00140 SEND    BCF                     PORTA,RA5
0062   0821           00141                 MOVF            DOUT,W
0063   0093           00142                 MOVWF           SSPBUF
0064   1683 1303      00143                 BANKSEL         TRISA
Message[302]: Register in operand not in bank 0.  Ensure that bank bits are correct.
0066   1C14           00144                 BTFSS           SSPSTAT,BF
0067   2866           00145                 GOTO            $-1
0068   1283 1303      00146                 BANKSEL         PORTA
006A   0813           00147 REC             MOVF            SSPBUF,W
006B   00A2           00148                 MOVWF           DIN
006C   1685           00149                 BSF                     PORTA,RA5
006D   206F           00150                 CALL            R10MS
006E   0008           00151                 RETURN
                      00152 
                      00153 ;------RETARDO DE 10.25ms               
006F   0000           00154 R10MS   NOP
0070   1283 1303      00155                 BANKSEL         PORTA
0072   30D8           00156                 MOVLW           0xD8
0073   0081           00157                 MOVWF           TMR0
0074   1D0B           00158                 BTFSS           INTCON,T0IF
0075   2874           00159                 GOTO            $-1
0076   110B           00160                 BCF                     INTCON,T0IF
0077   0008           00161                 RETURN          
                      00162                 END
MPASM  5.51                     SPIPRUEBA.ASM   5-2-2019  16:34:21         PAGE  5


SYMBOL TABLE
  LABEL                             VALUE 

ABDEN                             00000000
ABDOVF                            00000007
ACKDT                             00000005
ACKEN                             00000004
ACKSTAT                           00000006
ADCON0                            0000001F
ADCON1                            0000009F
ADCS0                             00000006
ADCS1                             00000007
ADDEN                             00000003
ADFM                              00000007
ADIE                              00000006
ADIF                              00000006
ADON                              00000000
ADRESH                            0000001E
ADRESL                            0000009E
ANS0                              00000000
ANS1                              00000001
ANS10                             00000002
ANS11                             00000003
ANS12                             00000004
ANS13                             00000005
ANS2                              00000002
ANS3                              00000003
ANS4                              00000004
ANS5                              00000005
ANS6                              00000006
ANS7                              00000007
ANS8                              00000000
ANS9                              00000001
ANSEL                             00000188
ANSELH                            00000189
BAUDCTL                           00000187
BCLIE                             00000003
BCLIF                             00000003
BF                                00000000
BRG0                              00000000
BRG1                              00000001
BRG10                             00000002
BRG11                             00000003
BRG12                             00000004
BRG13                             00000005
BRG14                             00000006
BRG15                             00000007
BRG16                             00000003
BRG2                              00000002
BRG3                              00000003
BRG4                              00000004
BRG5                              00000005
BRG6                              00000006
BRG7                              00000007
BRG8                              00000000
BRG9                              00000001
MPASM  5.51                     SPIPRUEBA.ASM   5-2-2019  16:34:21         PAGE  6


SYMBOL TABLE
  LABEL                             VALUE 

BRGH                              00000002
C                                 00000000
C1CH0                             00000000
C1CH1                             00000001
C1IE                              00000005
C1IF                              00000005
C1OE                              00000005
C1ON                              00000007
C1OUT                             00000006
C1POL                             00000004
C1R                               00000002
C1RSEL                            00000005
C1SEN                             00000005
C2CH0                             00000000
C2CH1                             00000001
C2IE                              00000006
C2IF                              00000006
C2OE                              00000005
C2ON                              00000007
C2OUT                             00000006
C2POL                             00000004
C2R                               00000002
C2REN                             00000004
C2RSEL                            00000004
C2SYNC                            00000000
CCP1CON                           00000017
CCP1IE                            00000002
CCP1IF                            00000002
CCP1M0                            00000000
CCP1M1                            00000001
CCP1M2                            00000002
CCP1M3                            00000003
CCP1X                             00000005
CCP1Y                             00000004
CCP2CON                           0000001D
CCP2IE                            00000000
CCP2IF                            00000000
CCP2M0                            00000000
CCP2M1                            00000001
CCP2M2                            00000002
CCP2M3                            00000003
CCP2X                             00000005
CCP2Y                             00000004
CCPR1                             00000015
CCPR1H                            00000016
CCPR1L                            00000015
CCPR2                             0000001B
CCPR2H                            0000001C
CCPR2L                            0000001B
CHS0                              00000002
CHS1                              00000003
CHS2                              00000004
CHS3                              00000005
MPASM  5.51                     SPIPRUEBA.ASM   5-2-2019  16:34:21         PAGE  7


SYMBOL TABLE
  LABEL                             VALUE 

CKE                               00000006
CKP                               00000004
CM1CON0                           00000107
CM2CON0                           00000108
CM2CON1                           00000109
CREN                              00000004
CSRC                              00000007
D                                 00000005
DATA_ADDRESS                      00000005
DC                                00000001
DC1B0                             00000004
DC1B1                             00000005
DC2B0                             00000004
DC2B1                             00000005
DIN                               00000022
DOUT                              00000021
DUTYOFF                           00000024
DUTYON                            00000023
D_A                               00000005
D_NOT_A                           00000005
ECCPAS                            0000009C
ECCPAS0                           00000004
ECCPAS1                           00000005
ECCPAS2                           00000006
ECCPASE                           00000007
EEADR                             0000010D
EEADRH                            0000010F
EECON1                            0000018C
EECON2                            0000018D
EEDAT                             0000010C
EEDATA                            0000010C
EEDATH                            0000010E
EEIE                              00000004
EEIF                              00000004
EEPGD                             00000007
F                                 00000001
FERR                              00000002
FSR                               00000004
FVREN                             00000000
GCEN                              00000007
GIE                               00000007
GO                                00000001
GO_DONE                           00000001
GO_NOT_DONE                       00000001
HTS                               00000002
I2C_DATA                          00000005
I2C_READ                          00000002
I2C_START                         00000003
I2C_STOP                          00000004
INDF                              00000000
INTCON                            0000000B
INTE                              00000004
INTEDG                            00000006
MPASM  5.51                     SPIPRUEBA.ASM   5-2-2019  16:34:21         PAGE  8


SYMBOL TABLE
  LABEL                             VALUE 

INTF                              00000001
IOCB                              00000096
IOCB0                             00000000
IOCB1                             00000001
IOCB2                             00000002
IOCB3                             00000003
IOCB4                             00000004
IOCB5                             00000005
IOCB6                             00000006
IOCB7                             00000007
IRCF0                             00000004
IRCF1                             00000005
IRCF2                             00000006
IRP                               00000007
LSB                               00000025
LTS                               00000001
MAIN                              00000025
MC1OUT                            00000007
MC2OUT                            00000006
MSK                               00000093
MSK0                              00000000
MSK1                              00000001
MSK2                              00000002
MSK3                              00000003
MSK4                              00000004
MSK5                              00000005
MSK6                              00000006
MSK7                              00000007
NOT_A                             00000005
NOT_ADDRESS                       00000005
NOT_BO                            00000000
NOT_BOR                           00000000
NOT_DONE                          00000001
NOT_PD                            00000003
NOT_POR                           00000001
NOT_RBPU                          00000007
NOT_RC8                           00000006
NOT_T1SYNC                        00000002
NOT_TO                            00000004
NOT_TX8                           00000006
NOT_W                             00000002
NOT_WRITE                         00000002
OERR                              00000001
OPTION_REG                        00000081
OSCCON                            0000008F
OSCTUNE                           00000090
OSFIE                             00000007
OSFIF                             00000007
OSTS                              00000003
P                                 00000004
P1M0                              00000006
P1M1                              00000007
PCL                               00000002
MPASM  5.51                     SPIPRUEBA.ASM   5-2-2019  16:34:21         PAGE  9


SYMBOL TABLE
  LABEL                             VALUE 

PCLATH                            0000000A
PCON                              0000008E
PDC0                              00000000
PDC1                              00000001
PDC2                              00000002
PDC3                              00000003
PDC4                              00000004
PDC5                              00000005
PDC6                              00000006
PEIE                              00000006
PEN                               00000002
PIE1                              0000008C
PIE2                              0000008D
PIR1                              0000000C
PIR2                              0000000D
PORTA                             00000005
PORTB                             00000006
PORTC                             00000007
PORTD                             00000008
PORTE                             00000009
PR2                               00000092
PRSEN                             00000007
PS0                               00000000
PS1                               00000001
PS2                               00000002
PSA                               00000003
PSSAC0                            00000002
PSSAC1                            00000003
PSSBD0                            00000000
PSSBD1                            00000001
PSTRCON                           0000009D
PULSR                             00000002
PULSS                             00000003
PWM1CON                           0000009B
R                                 00000002
R10MS                             0000006F
RA0                               00000000
RA1                               00000001
RA2                               00000002
RA3                               00000003
RA4                               00000004
RA5                               00000005
RA6                               00000006
RA7                               00000007
RB0                               00000000
RB1                               00000001
RB2                               00000002
RB3                               00000003
RB4                               00000004
RB5                               00000005
RB6                               00000006
RB7                               00000007
RBIE                              00000003
MPASM  5.51                     SPIPRUEBA.ASM   5-2-2019  16:34:21         PAGE 10


SYMBOL TABLE
  LABEL                             VALUE 

RBIF                              00000000
RC0                               00000000
RC1                               00000001
RC2                               00000002
RC3                               00000003
RC4                               00000004
RC5                               00000005
RC6                               00000006
RC7                               00000007
RC8_9                             00000006
RC9                               00000006
RCD8                              00000000
RCEN                              00000003
RCIDL                             00000006
RCIE                              00000005
RCIF                              00000005
RCREG                             0000001A
RCSTA                             00000018
RD                                00000000
RD0                               00000000
RD1                               00000001
RD2                               00000002
RD3                               00000003
RD4                               00000004
RD5                               00000005
RD6                               00000006
RD7                               00000007
RE0                               00000000
RE1                               00000001
RE2                               00000002
RE3                               00000003
READ_WRITE                        00000002
REC                               0000006A
RP0                               00000005
RP1                               00000006
RSEN                              00000001
RX9                               00000006
RX9D                              00000000
R_NOT_W                           00000002
R_W                               00000002
S                                 00000003
SBOREN                            00000004
SCKP                              00000004
SCS                               00000000
SEN                               00000000
SEND                              00000061
SENDB                             00000003
SMP                               00000007
SPBRG                             00000099
SPBRGH                            0000009A
SPEN                              00000007
SR0                               00000006
SR1                               00000007
MPASM  5.51                     SPIPRUEBA.ASM   5-2-2019  16:34:21         PAGE 11


SYMBOL TABLE
  LABEL                             VALUE 

SRCON                             00000185
SREN                              00000005
SSPADD                            00000093
SSPBUF                            00000013
SSPCON                            00000014
SSPCON2                           00000091
SSPEN                             00000005
SSPIE                             00000003
SSPIF                             00000003
SSPM0                             00000000
SSPM1                             00000001
SSPM2                             00000002
SSPM3                             00000003
SSPMSK                            00000093
SSPOV                             00000006
SSPSTAT                           00000094
STATUS                            00000003
STRA                              00000000
STRB                              00000001
STRC                              00000002
STRD                              00000003
STRSYNC                           00000004
SWDTEN                            00000000
SYNC                              00000004
T0CS                              00000005
T0IE                              00000005
T0IF                              00000002
T0SE                              00000004
T1CKPS0                           00000004
T1CKPS1                           00000005
T1CON                             00000010
T1GINV                            00000007
T1GIV                             00000007
T1GSS                             00000001
T1INSYNC                          00000002
T1OSCEN                           00000003
T1SYNC                            00000002
T2CKPS0                           00000000
T2CKPS1                           00000001
T2CON                             00000012
TMR0                              00000001
TMR0IE                            00000005
TMR0IF                            00000002
TMR1                              0000000E
TMR1CS                            00000001
TMR1GE                            00000006
TMR1H                             0000000F
TMR1IE                            00000000
TMR1IF                            00000000
TMR1L                             0000000E
TMR1ON                            00000000
TMR2                              00000011
TMR2IE                            00000001
MPASM  5.51                     SPIPRUEBA.ASM   5-2-2019  16:34:21         PAGE 12


SYMBOL TABLE
  LABEL                             VALUE 

TMR2IF                            00000001
TMR2ON                            00000002
TOUTPS0                           00000003
TOUTPS1                           00000004
TOUTPS2                           00000005
TOUTPS3                           00000006
TRISA                             00000085
TRISA0                            00000000
TRISA1                            00000001
TRISA2                            00000002
TRISA3                            00000003
TRISA4                            00000004
TRISA5                            00000005
TRISA6                            00000006
TRISA7                            00000007
TRISB                             00000086
TRISB0                            00000000
TRISB1                            00000001
TRISB2                            00000002
TRISB3                            00000003
TRISB4                            00000004
TRISB5                            00000005
TRISB6                            00000006
TRISB7                            00000007
TRISC                             00000087
TRISC0                            00000000
TRISC1                            00000001
TRISC2                            00000002
TRISC3                            00000003
TRISC4                            00000004
TRISC5                            00000005
TRISC6                            00000006
TRISC7                            00000007
TRISD                             00000088
TRISD0                            00000000
TRISD1                            00000001
TRISD2                            00000002
TRISD3                            00000003
TRISD4                            00000004
TRISD5                            00000005
TRISD6                            00000006
TRISD7                            00000007
TRISE                             00000089
TRISE0                            00000000
TRISE1                            00000001
TRISE2                            00000002
TRISE3                            00000003
TRMT                              00000001
TUN0                              00000000
TUN1                              00000001
TUN2                              00000002
TUN3                              00000003
TUN4                              00000004
MPASM  5.51                     SPIPRUEBA.ASM   5-2-2019  16:34:21         PAGE 13


SYMBOL TABLE
  LABEL                             VALUE 

TX8_9                             00000006
TX9                               00000006
TX9D                              00000000
TXD8                              00000000
TXEN                              00000005
TXIE                              00000004
TXIF                              00000004
TXREG                             00000019
TXSTA                             00000098
UA                                00000001
ULPWUE                            00000005
ULPWUIE                           00000002
ULPWUIF                           00000002
VCFG0                             00000004
VCFG1                             00000005
VR0                               00000000
VR1                               00000001
VR2                               00000002
VR3                               00000003
VRCON                             00000097
VREN                              00000007
VROE                              00000006
VRR                               00000005
VRSS                              00000004
W                                 00000000
WCOL                              00000007
WDTCON                            00000105
WDTPS0                            00000001
WDTPS1                            00000002
WDTPS2                            00000003
WDTPS3                            00000004
WPUB                              00000095
WPUB0                             00000000
WPUB1                             00000001
WPUB2                             00000002
WPUB3                             00000003
WPUB4                             00000004
WPUB5                             00000005
WPUB6                             00000006
WPUB7                             00000007
WR                                00000001
WREN                              00000002
WRERR                             00000003
WUE                               00000001
Z                                 00000002
_BOR21V                           00003EFF
_BOR40V                           00003FFF
_BOR4V_BOR21V                     00003EFF
_BOR4V_BOR40V                     00003FFF
_BOREN_NSLEEP                     00003EFF
_BOREN_OFF                        00003CFF
_BOREN_ON                         00003FFF
_BOREN_SBODEN                     00003DFF
MPASM  5.51                     SPIPRUEBA.ASM   5-2-2019  16:34:21         PAGE 14


SYMBOL TABLE
  LABEL                             VALUE 

_BOR_NSLEEP                       00003EFF
_BOR_OFF                          00003CFF
_BOR_ON                           00003FFF
_BOR_SBODEN                       00003DFF
_CONFIG1                          00002007
_CONFIG2                          00002008
_CPD_OFF                          00003FFF
_CPD_ON                           00003F7F
_CP_OFF                           00003FFF
_CP_ON                            00003FBF
_DEBUG_OFF                        00003FFF
_DEBUG_ON                         00001FFF
_DEVID1                           00002006
_EC_OSC                           00003FFB
_EXTRC                            00003FFF
_EXTRCIO                          00003FFE
_EXTRC_OSC_CLKOUT                 00003FFF
_EXTRC_OSC_NOCLKOUT               00003FFE
_FCMEN_OFF                        000037FF
_FCMEN_ON                         00003FFF
_FOSC_EC                          00003FFB
_FOSC_EXTRC_CLKOUT                00003FFF
_FOSC_EXTRC_NOCLKOUT              00003FFE
_FOSC_HS                          00003FFA
_FOSC_INTRC_CLKOUT                00003FFD
_FOSC_INTRC_NOCLKOUT              00003FFC
_FOSC_LP                          00003FF8
_FOSC_XT                          00003FF9
_HS_OSC                           00003FFA
_IDLOC0                           00002000
_IDLOC1                           00002001
_IDLOC2                           00002002
_IDLOC3                           00002003
_IESO_OFF                         00003BFF
_IESO_ON                          00003FFF
_INTOSC                           00003FFD
_INTOSCIO                         00003FFC
_INTRC_OSC_CLKOUT                 00003FFD
_INTRC_OSC_NOCLKOUT               00003FFC
_LP_OSC                           00003FF8
_LVP_OFF                          00002FFF
_LVP_ON                           00003FFF
_MCLRE_OFF                        00003FDF
_MCLRE_ON                         00003FFF
_PWRTE_OFF                        00003FFF
_PWRTE_ON                         00003FEF
_WDTE_OFF                         00003FF7
_WDTE_ON                          00003FFF
_WDT_OFF                          00003FF7
_WDT_ON                           00003FFF
_WRT_1FOURTH                      00003BFF
_WRT_256                          00003DFF
_WRT_HALF                         000039FF
MPASM  5.51                     SPIPRUEBA.ASM   5-2-2019  16:34:21         PAGE 15


SYMBOL TABLE
  LABEL                             VALUE 

_WRT_OFF                          00003FFF
_XT_OSC                           00003FF9
__16F887                          00000001
__DEBUG                           1


MEMORY USAGE MAP ('X' = Used,  '-' = Unused)

0000 : XXXXXXXXXXXXXXXX XXXXXXXXXXXXXXXX XXXXXXXXXXXXXXXX XXXXXXXXXXXXXXXX
0040 : XXXXXXXXXXXXXXXX XXXXXXXXXXXXXXXX XXXXXXXXXXXXXXXX XXXXXXXX--------
2000 : -------XX------- ---------------- ---------------- ----------------

All other memory blocks unused.

Program Memory Words Used:   120
Program Memory Words Free:  8072


Errors   :     0
Warnings :     0 reported,     0 suppressed
Messages :    13 reported,     0 suppressed

